unknow content type 
unknow content type 
	/Users/katharineastrauskas/.rbenv/versions/2.1.2/lib/ruby/gems/2.1.0/gems/locomotivecms_mounter-1.5.4/lib/locomotive/mounter/models/content_field.rb:82:in `block in klass'
	/Users/katharineastrauskas/.rbenv/versions/2.1.2/lib/ruby/gems/2.1.0/gems/locomotivecms_mounter-1.5.4/lib/locomotive/mounter/models/content_field.rb:80:in `tap'
	/Users/katharineastrauskas/.rbenv/versions/2.1.2/lib/ruby/gems/2.1.0/gems/locomotivecms_mounter-1.5.4/lib/locomotive/mounter/models/content_field.rb:80:in `klass'
	/Users/katharineastrauskas/.rbenv/versions/2.1.2/lib/ruby/gems/2.1.0/gems/locomotivecms_mounter-1.5.4/lib/locomotive/mounter/models/content_entry.rb:127:in `dynamic_getter'
	/Users/katharineastrauskas/.rbenv/versions/2.1.2/lib/ruby/gems/2.1.0/gems/locomotivecms_mounter-1.5.4/lib/locomotive/mounter/reader/file_system/content_assets_reader.rb:46:in `block (4 levels) in fetch_from_content_entries'
	/Users/katharineastrauskas/.rbenv/versions/2.1.2/lib/ruby/gems/2.1.0/gems/locomotivecms_mounter-1.5.4/lib/locomotive/mounter/reader/file_system/content_assets_reader.rb:45:in `each'
	/Users/katharineastrauskas/.rbenv/versions/2.1.2/lib/ruby/gems/2.1.0/gems/locomotivecms_mounter-1.5.4/lib/locomotive/mounter/reader/file_system/content_assets_reader.rb:45:in `block (3 levels) in fetch_from_content_entries'
	/Users/katharineastrauskas/.rbenv/versions/2.1.2/lib/ruby/gems/2.1.0/gems/locomotivecms_mounter-1.5.4/lib/locomotive/mounter.rb:99:in `with_locale'
	/Users/katharineastrauskas/.rbenv/versions/2.1.2/lib/ruby/gems/2.1.0/gems/locomotivecms_mounter-1.5.4/lib/locomotive/mounter/reader/file_system/content_assets_reader.rb:43:in `block (2 levels) in fetch_from_content_entries'
	/Users/katharineastrauskas/.rbenv/versions/2.1.2/lib/ruby/gems/2.1.0/gems/locomotivecms_mounter-1.5.4/lib/locomotive/mounter/reader/file_system/content_assets_reader.rb:42:in `each'
	/Users/katharineastrauskas/.rbenv/versions/2.1.2/lib/ruby/gems/2.1.0/gems/locomotivecms_mounter-1.5.4/lib/locomotive/mounter/reader/file_system/content_assets_reader.rb:42:in `block in fetch_from_content_entries'
	/Users/katharineastrauskas/.rbenv/versions/2.1.2/lib/ruby/gems/2.1.0/gems/locomotivecms_mounter-1.5.4/lib/locomotive/mounter/reader/file_system/content_assets_reader.rb:41:in `each'
	/Users/katharineastrauskas/.rbenv/versions/2.1.2/lib/ruby/gems/2.1.0/gems/locomotivecms_mounter-1.5.4/lib/locomotive/mounter/reader/file_system/content_assets_reader.rb:41:in `fetch_from_content_entries'
	/Users/katharineastrauskas/.rbenv/versions/2.1.2/lib/ruby/gems/2.1.0/gems/locomotivecms_mounter-1.5.4/lib/locomotive/mounter/reader/file_system/content_assets_reader.rb:17:in `read'
	/Users/katharineastrauskas/.rbenv/versions/2.1.2/lib/ruby/gems/2.1.0/gems/locomotivecms_mounter-1.5.4/lib/locomotive/mounter/reader/runner.rb:76:in `block (2 levels) in build_mounting_point'
	/Users/katharineastrauskas/.rbenv/versions/2.1.2/lib/ruby/gems/2.1.0/gems/locomotivecms_mounter-1.5.4/lib/locomotive/mounter/reader/runner.rb:73:in `each'
	/Users/katharineastrauskas/.rbenv/versions/2.1.2/lib/ruby/gems/2.1.0/gems/locomotivecms_mounter-1.5.4/lib/locomotive/mounter/reader/runner.rb:73:in `block in build_mounting_point'
	/Users/katharineastrauskas/.rbenv/versions/2.1.2/lib/ruby/gems/2.1.0/gems/locomotivecms_mounter-1.5.4/lib/locomotive/mounter/reader/runner.rb:70:in `tap'
	/Users/katharineastrauskas/.rbenv/versions/2.1.2/lib/ruby/gems/2.1.0/gems/locomotivecms_mounter-1.5.4/lib/locomotive/mounter/reader/runner.rb:70:in `build_mounting_point'
	/Users/katharineastrauskas/.rbenv/versions/2.1.2/lib/ruby/gems/2.1.0/gems/locomotivecms_mounter-1.5.4/lib/locomotive/mounter/reader/runner.rb:29:in `run!'
	/Users/katharineastrauskas/.rbenv/versions/2.1.2/lib/ruby/gems/2.1.0/gems/locomotivecms_wagon-1.5.5/lib/locomotive/wagon.rb:262:in `require_mounter'
	/Users/katharineastrauskas/.rbenv/versions/2.1.2/lib/ruby/gems/2.1.0/gems/locomotivecms_wagon-1.5.5/lib/locomotive/wagon.rb:75:in `serve'
	/Users/katharineastrauskas/.rbenv/versions/2.1.2/lib/ruby/gems/2.1.0/gems/locomotivecms_wagon-1.5.5/lib/locomotive/wagon/cli.rb:272:in `serve'
	/Users/katharineastrauskas/.rbenv/versions/2.1.2/lib/ruby/gems/2.1.0/gems/thor-0.19.1/lib/thor/command.rb:27:in `run'
	/Users/katharineastrauskas/.rbenv/versions/2.1.2/lib/ruby/gems/2.1.0/gems/thor-0.19.1/lib/thor/invocation.rb:126:in `invoke_command'
	/Users/katharineastrauskas/.rbenv/versions/2.1.2/lib/ruby/gems/2.1.0/gems/thor-0.19.1/lib/thor.rb:359:in `dispatch'
	/Users/katharineastrauskas/.rbenv/versions/2.1.2/lib/ruby/gems/2.1.0/gems/thor-0.19.1/lib/thor/base.rb:440:in `start'
	/Users/katharineastrauskas/.rbenv/versions/2.1.2/lib/ruby/gems/2.1.0/gems/locomotivecms_wagon-1.5.5/bin/wagon:12:in `<top (required)>'
	/Users/katharineastrauskas/.rbenv/versions/2.1.2/bin/wagon:23:in `load'
	/Users/katharineastrauskas/.rbenv/versions/2.1.2/bin/wagon:23:in `<main>'
	/Users/katharineastrauskas/.rbenv/versions/2.1.2/bin/ruby_executable_hooks:15:in `eval'
	/Users/katharineastrauskas/.rbenv/versions/2.1.2/bin/ruby_executable_hooks:15:in `<main>'


[0;31;49m[Important] YUICompressor requires java to be installed. The JAVA_HOME variable should also be set.
[0m
[0;97;49mStarted GET "/whiskeys" at 2015-05-20 15:55:49 -0500[0m
Detecting locale EN
Found page "Whiskeys" [whiskeys]
[0;31;49m[ERROR] undefined method `type' for #<Locomotive::Mounter::Models::ContentEntry:0x007fcb4eed38e0> - ./app/views/pages/whiskeys.liquid:6:in `Whiskeys'
[0m
* Reloaded "pages", "snippets" at 2015-05-20 15:56:34 -0500
* Reloaded "pages", "snippets" at 2015-05-20 15:56:42 -0500
[0;97;49mStarted GET "/whiskeys" at 2015-05-20 15:56:45 -0500[0m
Detecting locale EN
Found page "Whiskeys" [whiskeys]
  Rendered liquid page template
[0;32;49mCompleted 200 OK in 4.3ms

[0m
* Reloaded "pages", "snippets" at 2015-05-20 15:56:58 -0500
* Reloaded "pages", "snippets" at 2015-05-20 16:04:00 -0500
* Reloaded "pages", "snippets" at 2015-05-20 16:04:01 -0500
* Reloaded "pages", "snippets" at 2015-05-20 16:06:30 -0500
* Reloaded "pages", "snippets" at 2015-05-20 16:06:30 -0500
* Reloaded "pages", "snippets" at 2015-05-20 16:06:41 -0500
* Reloaded "pages", "snippets" at 2015-05-20 16:06:47 -0500
* Reloaded "pages", "snippets" at 2015-05-20 16:07:20 -0500
* Reloaded "pages", "snippets" at 2015-05-20 16:07:26 -0500
* Reloaded "pages", "snippets" at 2015-05-20 16:07:28 -0500
* Reloaded "pages", "snippets" at 2015-05-20 16:07:37 -0500
* Reloaded "pages", "snippets" at 2015-05-20 16:07:41 -0500
* Reloaded "pages", "snippets" at 2015-05-20 16:07:41 -0500
* Reloaded "pages", "snippets" at 2015-05-20 16:07:50 -0500
* Reloaded "pages", "snippets" at 2015-05-20 16:07:50 -0500
* Reloaded "pages", "snippets" at 2015-05-20 16:07:53 -0500
* Reloaded "pages", "snippets" at 2015-05-20 16:07:53 -0500
* Reloaded "pages", "snippets" at 2015-05-20 16:08:01 -0500
* Reloaded "pages", "snippets" at 2015-05-20 16:08:02 -0500
* Reloaded "pages", "snippets" at 2015-05-20 16:08:02 -0500
* Reloaded "pages", "snippets" at 2015-05-20 16:08:05 -0500
* Reloaded "pages", "snippets" at 2015-05-20 16:08:05 -0500
* Reloaded "pages", "snippets" at 2015-05-20 16:08:10 -0500
* Reloaded "pages", "snippets" at 2015-05-20 16:08:10 -0500
* Reloaded "pages", "snippets" at 2015-05-20 16:08:12 -0500
* Reloaded "pages", "snippets" at 2015-05-20 16:08:25 -0500
* Reloaded "pages", "snippets" at 2015-05-20 16:08:25 -0500
* Reloaded "pages", "snippets" at 2015-05-20 16:08:29 -0500
* Reloaded "pages", "snippets" at 2015-05-20 16:08:29 -0500
* Reloaded "pages", "snippets" at 2015-05-20 16:08:34 -0500
* Reloaded "pages", "snippets" at 2015-05-20 16:08:34 -0500
* Reloaded "pages", "snippets" at 2015-05-20 16:08:40 -0500
* Reloaded "pages", "snippets" at 2015-05-20 16:08:41 -0500
* Reloaded "pages", "snippets" at 2015-05-20 16:08:42 -0500
[0;97;49mStarted GET "/whiskey_types" at 2015-05-20 16:08:50 -0500[0m
Detecting locale EN
Found page "Whiskey types" [whiskey-types]
  Rendered liquid page template
[0;32;49mCompleted 200 OK in 2.9ms

[0m
* Reloaded "pages", "snippets" at 2015-05-20 16:08:58 -0500
* Reloaded "pages", "snippets" at 2015-05-20 16:16:35 -0500
* Reloaded "pages", "snippets" at 2015-05-20 16:16:47 -0500
* Reloaded "pages", "snippets" at 2015-05-20 16:17:00 -0500
* Reloaded "pages", "snippets" at 2015-05-20 16:17:28 -0500
* Reloaded "pages", "snippets" at 2015-05-20 16:17:30 -0500
* Reloaded "pages", "snippets" at 2015-05-20 16:17:30 -0500
[0;97;49mStarted GET "/whiskey_types" at 2015-05-20 16:17:32 -0500[0m
Detecting locale EN
Found page "Whiskey types" [whiskey-types]
  Rendered liquid page template
[0;32;49mCompleted 200 OK in 1.6ms

[0m
[0;97;49mStarted GET "/small_logo.png" at 2015-05-20 16:17:32 -0500[0m
Detecting locale EN
[0;32;49mCompleted 404 Not Found in 2.2ms

[0m
* Reloaded "pages", "snippets" at 2015-05-20 16:17:37 -0500
* Reloaded "pages", "snippets" at 2015-05-20 16:17:37 -0500
[0;97;49mStarted GET "/whiskey_types" at 2015-05-20 16:17:39 -0500[0m
Detecting locale EN
Found page "Whiskey types" [whiskey-types]
  Rendered liquid page template
[0;32;49mCompleted 200 OK in 1.6ms

[0m
* Reloaded "pages", "snippets" at 2015-05-20 16:17:49 -0500
* Reloaded "pages", "snippets" at 2015-05-20 16:17:49 -0500
[0;97;49mStarted GET "/whiskey_types" at 2015-05-20 16:17:51 -0500[0m
Detecting locale EN
Found page "Whiskey types" [whiskey-types]
  Rendered liquid page template
[0;32;49mCompleted 200 OK in 4.7ms

[0m
* Reloaded "pages", "snippets" at 2015-05-20 16:17:59 -0500
* Reloaded "pages", "snippets" at 2015-05-20 16:17:59 -0500
* Reloaded "pages", "snippets" at 2015-05-20 16:18:03 -0500
* Reloaded "pages", "snippets" at 2015-05-20 16:18:04 -0500
* Reloaded "pages", "snippets" at 2015-05-20 16:18:13 -0500
* Reloaded "pages", "snippets" at 2015-05-20 16:18:13 -0500
[0;97;49mStarted GET "/whiskey_types" at 2015-05-20 16:18:14 -0500[0m
Detecting locale EN
Found page "Whiskey types" [whiskey-types]
  Rendered liquid page template
[0;32;49mCompleted 200 OK in 1.7ms

[0m
* Reloaded "pages", "snippets" at 2015-05-20 16:18:21 -0500
* Reloaded "pages", "snippets" at 2015-05-20 16:18:22 -0500
[0;97;49mStarted GET "/whiskey_types" at 2015-05-20 16:18:22 -0500[0m
Detecting locale EN
Found page "Whiskey types" [whiskey-types]
  Rendered liquid page template
[0;32;49mCompleted 200 OK in 2.0ms

[0m
* Reloaded "pages", "snippets" at 2015-05-20 16:18:38 -0500
* Reloaded "pages", "snippets" at 2015-05-20 16:19:46 -0500
* Reloaded "pages", "snippets" at 2015-05-20 16:20:18 -0500
[0;97;49mStarted GET "/whiskey_types" at 2015-05-20 16:20:20 -0500[0m
Detecting locale EN
Found page "Whiskey types" [whiskey-types]
  Rendered liquid page template
[0;32;49mCompleted 200 OK in 1.6ms

[0m
* Reloaded "pages", "snippets" at 2015-05-20 16:20:29 -0500
* Reloaded "pages", "snippets" at 2015-05-20 16:20:30 -0500
[0;97;49mStarted GET "/whiskey_types" at 2015-05-20 16:20:30 -0500[0m
Detecting locale EN
Found page "Whiskey types" [whiskey-types]
  Rendered liquid page template
[0;32;49mCompleted 200 OK in 1.6ms

[0m
* Reloaded "pages", "snippets" at 2015-05-20 16:20:45 -0500
* Reloaded "pages", "snippets" at 2015-05-20 16:21:20 -0500
[0;97;49mStarted GET "/whiskey_types" at 2015-05-20 16:21:20 -0500[0m
Detecting locale EN
Found page "Whiskey types" [whiskey-types]
  Rendered liquid page template
[0;32;49mCompleted 200 OK in 1.8ms

[0m
* Reloaded "pages", "snippets" at 2015-05-20 16:23:12 -0500
* Reloaded "pages", "snippets" at 2015-05-20 16:23:43 -0500
* Reloaded "pages", "snippets" at 2015-05-20 16:23:43 -0500
* Reloaded "pages", "snippets" at 2015-05-20 16:23:51 -0500
* Reloaded "pages", "snippets" at 2015-05-20 16:23:51 -0500
* Reloaded "pages", "snippets" at 2015-05-20 16:23:55 -0500
* Reloaded "pages", "snippets" at 2015-05-20 16:23:56 -0500
[0;97;49mStarted GET "/whiskey_types" at 2015-05-20 16:23:56 -0500[0m
Detecting locale EN
Found page "Whiskey types" [whiskey-types]
  Rendered liquid page template
[0;32;49mCompleted 200 OK in 2.0ms

[0m
* Reloaded "pages", "snippets" at 2015-05-20 16:24:13 -0500
* Reloaded "pages", "snippets" at 2015-05-20 16:24:14 -0500
[0;97;49mStarted GET "/whiskey_types" at 2015-05-20 16:24:15 -0500[0m
Detecting locale EN
Found page "Whiskey types" [whiskey-types]
  Rendered liquid page template
[0;32;49mCompleted 200 OK in 1.6ms

[0m
* Reloaded "pages", "snippets" at 2015-05-20 16:24:23 -0500
* Reloaded "pages", "snippets" at 2015-05-20 16:24:23 -0500
[0;97;49mStarted GET "/whiskey_types" at 2015-05-20 16:24:24 -0500[0m
Detecting locale EN
Found page "Whiskey types" [whiskey-types]
  Rendered liquid page template
[0;32;49mCompleted 200 OK in 1.7ms

[0m
* Reloaded "pages", "snippets" at 2015-05-20 16:24:43 -0500
[0;31;49m[Important] YUICompressor requires java to be installed. The JAVA_HOME variable should also be set.
[0m
[0;97;49mStarted GET "/whiskey_types" at 2015-05-20 16:53:30 -0500[0m
Detecting locale EN
Found page "Whiskey types" [whiskey-types]
  Rendered liquid page template
[0;32;49mCompleted 200 OK in 5.1ms

[0m
* Reloaded "pages", "snippets" at 2015-05-20 16:53:37 -0500
[0;97;49mStarted GET "/whiskey_types" at 2015-05-20 16:56:22 -0500[0m
Detecting locale EN
Found page "Whiskey types" [whiskey-types]
  Rendered liquid page template
[0;32;49mCompleted 200 OK in 1.9ms

[0m
[0;97;49mStarted GET "/whiskey_types" at 2015-05-20 16:56:57 -0500[0m
Detecting locale EN
Found page "Whiskey types" [whiskey-types]
  Rendered liquid page template
[0;32;49mCompleted 200 OK in 2.4ms

[0m
[0;97;49mStarted GET "/whiskey_types" at 2015-05-20 16:57:16 -0500[0m
Detecting locale EN
Found page "Whiskey types" [whiskey-types]
  Rendered liquid page template
[0;32;49mCompleted 200 OK in 2.4ms

[0m
[0;97;49mStarted GET "/whiskey_types" at 2015-05-20 16:57:29 -0500[0m
Detecting locale EN
Found page "Whiskey types" [whiskey-types]
  Rendered liquid page template
[0;32;49mCompleted 200 OK in 2.2ms

[0m
[0;97;49mStarted GET "/whiskey_types" at 2015-05-20 16:57:38 -0500[0m
Detecting locale EN
Found page "Whiskey types" [whiskey-types]
  Rendered liquid page template
[0;32;49mCompleted 200 OK in 1.7ms

[0m
[0;97;49mStarted GET "/whiskey_types" at 2015-05-20 16:57:45 -0500[0m
Detecting locale EN
Found page "Whiskey types" [whiskey-types]
  Rendered liquid page template
[0;32;49mCompleted 200 OK in 2.1ms

[0m
[0;97;49mStarted GET "/whiskey_types" at 2015-05-20 16:57:46 -0500[0m
Detecting locale EN
Found page "Whiskey types" [whiskey-types]
  Rendered liquid page template
[0;32;49mCompleted 200 OK in 2.3ms

[0m
[0;97;49mStarted GET "/whiskey_types" at 2015-05-20 16:57:48 -0500[0m
Detecting locale EN
Found page "Whiskey types" [whiskey-types]
  Rendered liquid page template
[0;32;49mCompleted 200 OK in 1.9ms

[0m
[0;97;49mStarted GET "/whiskey_types" at 2015-05-20 16:58:05 -0500[0m
Detecting locale EN
Found page "Whiskey types" [whiskey-types]
  Rendered liquid page template
[0;32;49mCompleted 200 OK in 1.9ms

[0m
[0;97;49mStarted GET "/whiskey_types" at 2015-05-20 16:58:28 -0500[0m
Detecting locale EN
Found page "Whiskey types" [whiskey-types]
  Rendered liquid page template
[0;32;49mCompleted 200 OK in 2.1ms

[0m
* Reloaded "pages", "snippets" at 2015-05-20 16:59:01 -0500
[0;97;49mStarted GET "/whiskey_types" at 2015-05-20 16:59:02 -0500[0m
Detecting locale EN
Found page "Whiskey types" [whiskey-types]
  Rendered liquid page template
[0;32;49mCompleted 200 OK in 1.9ms

[0m
* Reloaded "pages", "snippets" at 2015-05-20 16:59:05 -0500
* Reloaded "pages", "snippets" at 2015-05-20 16:59:06 -0500
[0;97;49mStarted GET "/whiskey_types" at 2015-05-20 16:59:25 -0500[0m
Detecting locale EN
Found page "Whiskey types" [whiskey-types]
  Rendered liquid page template
[0;32;49mCompleted 200 OK in 2.8ms

[0m
[0;97;49mStarted GET "/whiskey_types" at 2015-05-20 16:59:37 -0500[0m
Detecting locale EN
Found page "Whiskey types" [whiskey-types]
  Rendered liquid page template
[0;32;49mCompleted 200 OK in 1.9ms

[0m
[0;97;49mStarted GET "/whiskey_types" at 2015-05-20 16:59:57 -0500[0m
Detecting locale EN
Found page "Whiskey types" [whiskey-types]
  Rendered liquid page template
[0;32;49mCompleted 200 OK in 1.6ms

[0m
[0;97;49mStarted GET "/whiskey_types" at 2015-05-20 16:59:58 -0500[0m
Detecting locale EN
Found page "Whiskey types" [whiskey-types]
  Rendered liquid page template
[0;32;49mCompleted 200 OK in 1.7ms

[0m
[0;97;49mStarted GET "/whiskey_types" at 2015-05-20 16:59:58 -0500[0m
Detecting locale EN
Found page "Whiskey types" [whiskey-types]
  Rendered liquid page template
[0;32;49mCompleted 200 OK in 1.7ms

[0m
[0;97;49mStarted GET "/whiskey_types" at 2015-05-20 16:59:59 -0500[0m
Detecting locale EN
Found page "Whiskey types" [whiskey-types]
  Rendered liquid page template
[0;32;49mCompleted 200 OK in 1.8ms

[0m
[0;97;49mStarted GET "/whiskey_types" at 2015-05-20 17:00:06 -0500[0m
Detecting locale EN
Found page "Whiskey types" [whiskey-types]
  Rendered liquid page template
[0;32;49mCompleted 200 OK in 1.7ms

[0m
[0;97;49mStarted GET "/whiskey_types" at 2015-05-20 17:00:15 -0500[0m
Detecting locale EN
Found page "Whiskey types" [whiskey-types]
  Rendered liquid page template
[0;32;49mCompleted 200 OK in 2.2ms

[0m
[0;97;49mStarted GET "/whiskey_types" at 2015-05-20 17:00:24 -0500[0m
Detecting locale EN
Found page "Whiskey types" [whiskey-types]
  Rendered liquid page template
[0;32;49mCompleted 200 OK in 1.9ms

[0m
[0;97;49mStarted GET "/whiskey_types" at 2015-05-20 17:00:30 -0500[0m
Detecting locale EN
Found page "Whiskey types" [whiskey-types]
  Rendered liquid page template
[0;32;49mCompleted 200 OK in 1.8ms

[0m
[0;97;49mStarted GET "/whiskey_types" at 2015-05-20 17:01:00 -0500[0m
Detecting locale EN
Found page "Whiskey types" [whiskey-types]
  Rendered liquid page template
[0;32;49mCompleted 200 OK in 1.8ms

[0m
[0;97;49mStarted GET "/whiskey_types" at 2015-05-20 17:01:02 -0500[0m
Detecting locale EN
Found page "Whiskey types" [whiskey-types]
  Rendered liquid page template
[0;32;49mCompleted 200 OK in 2.7ms

[0m
[0;97;49mStarted GET "/whiskey_types" at 2015-05-20 17:01:02 -0500[0m
Detecting locale EN
Found page "Whiskey types" [whiskey-types]
  Rendered liquid page template
[0;32;49mCompleted 200 OK in 1.7ms

[0m
[0;97;49mStarted GET "/whiskey_types" at 2015-05-20 17:01:08 -0500[0m
Detecting locale EN
Found page "Whiskey types" [whiskey-types]
  Rendered liquid page template
[0;32;49mCompleted 200 OK in 2.9ms

[0m
* Reloaded "pages", "snippets" at 2015-05-20 17:01:40 -0500
* Reloaded "pages", "snippets" at 2015-05-20 17:01:45 -0500
[0;97;49mStarted GET "/whiskey_types" at 2015-05-20 17:01:48 -0500[0m
Detecting locale EN
Found page "Whiskey types" [whiskey-types]
  Rendered liquid page template
[0;32;49mCompleted 200 OK in 2.7ms

[0m
* Reloaded "pages", "snippets" at 2015-05-20 17:01:54 -0500
[0;97;49mStarted GET "/whiskey_types" at 2015-05-20 17:01:55 -0500[0m
Detecting locale EN
Found page "Whiskey types" [whiskey-types]
  Rendered liquid page template
[0;32;49mCompleted 200 OK in 2.0ms

[0m
* Reloaded "pages", "snippets" at 2015-05-20 17:02:51 -0500
* Reloaded "pages", "snippets" at 2015-05-20 17:02:51 -0500
* Reloaded "pages", "snippets" at 2015-05-20 17:03:02 -0500
* Reloaded "pages", "snippets" at 2015-05-20 17:03:02 -0500
[0;97;49mStarted GET "/whiskey_types" at 2015-05-20 17:03:03 -0500[0m
Detecting locale EN
Found page "Whiskey types" [whiskey-types]
  Rendered liquid page template
[0;32;49mCompleted 200 OK in 1.8ms

[0m
[0;97;49mStarted GET "/whiskey_types" at 2015-05-20 17:03:29 -0500[0m
Detecting locale EN
Found page "Whiskey types" [whiskey-types]
  Rendered liquid page template
[0;32;49mCompleted 200 OK in 2.0ms

[0m
* Reloaded "pages", "snippets" at 2015-05-20 17:04:16 -0500
[0;97;49mStarted GET "/whiskey_types" at 2015-05-20 17:04:17 -0500[0m
Detecting locale EN
Found page "Whiskey types" [whiskey-types]
  Rendered liquid page template
[0;32;49mCompleted 200 OK in 1.8ms

[0m
* Reloaded "pages", "snippets" at 2015-05-20 17:04:44 -0500
* Reloaded "pages", "snippets" at 2015-05-20 17:05:08 -0500
[0;97;49mStarted GET "/" at 2015-05-20 17:05:42 -0500[0m
Detecting locale EN
Found page "Home page" [index]
  Rendered liquid page template
[0;32;49mCompleted 200 OK in 92.0ms

[0m
* Reloaded "pages", "snippets" at 2015-05-20 17:07:23 -0500
* Reloaded "pages", "snippets" at 2015-05-20 17:08:03 -0500
[0;97;49mStarted GET "/" at 2015-05-20 17:08:04 -0500[0m
Detecting locale EN
Found page "Home page" [index]
  Rendered liquid page template
[0;32;49mCompleted 200 OK in 10.3ms

[0m
* Reloaded "pages", "snippets" at 2015-05-20 17:08:13 -0500
* Reloaded "pages", "snippets" at 2015-05-20 17:08:13 -0500
* Reloaded "pages", "snippets" at 2015-05-20 17:08:20 -0500
* Reloaded "pages", "snippets" at 2015-05-20 17:08:20 -0500
* Reloaded "pages", "snippets" at 2015-05-20 17:08:23 -0500
* Reloaded "pages", "snippets" at 2015-05-20 17:08:23 -0500
[0;97;49mStarted GET "/" at 2015-05-20 17:08:24 -0500[0m
Detecting locale EN
Found page "Home page" [index]
  Rendered liquid page template
[0;32;49mCompleted 200 OK in 10.2ms

[0m
* Reloaded "pages", "snippets" at 2015-05-20 17:08:30 -0500
* Reloaded "pages", "snippets" at 2015-05-20 17:08:30 -0500
[0;97;49mStarted GET "/" at 2015-05-20 17:08:30 -0500[0m
Detecting locale EN
Found page "Home page" [index]
  Rendered liquid page template
[0;32;49mCompleted 200 OK in 10.0ms

[0m
* Reloaded "pages", "snippets" at 2015-05-20 17:08:54 -0500
* Reloaded "pages", "snippets" at 2015-05-20 17:08:56 -0500
* Reloaded "pages", "snippets" at 2015-05-20 17:08:56 -0500
* Reloaded "pages", "snippets" at 2015-05-20 17:08:59 -0500
* Reloaded "pages", "snippets" at 2015-05-20 17:08:59 -0500
* Reloaded "pages", "snippets" at 2015-05-20 17:09:01 -0500
[0;97;49mStarted GET "/" at 2015-05-20 17:09:02 -0500[0m
Detecting locale EN
Found page "Home page" [index]
  Rendered liquid page template
[0;32;49mCompleted 200 OK in 10.6ms

[0m
[0;97;49mStarted GET "/" at 2015-05-20 17:09:34 -0500[0m
Detecting locale EN
Found page "Home page" [index]
  Rendered liquid page template
[0;32;49mCompleted 200 OK in 9.4ms

[0m
[0;97;49mStarted GET "/" at 2015-05-20 17:09:44 -0500[0m
Detecting locale EN
Found page "Home page" [index]
  Rendered liquid page template
[0;32;49mCompleted 200 OK in 9.7ms

[0m
[0;97;49mStarted GET "/" at 2015-05-20 17:09:46 -0500[0m
Detecting locale EN
Found page "Home page" [index]
  Rendered liquid page template
[0;32;49mCompleted 200 OK in 10.2ms

[0m
[0;97;49mStarted GET "/" at 2015-05-20 17:09:56 -0500[0m
Detecting locale EN
Found page "Home page" [index]
  Rendered liquid page template
[0;32;49mCompleted 200 OK in 11.3ms

[0m
* Reloaded "pages", "snippets" at 2015-05-20 17:13:19 -0500
* Reloaded "pages", "snippets" at 2015-05-20 17:13:21 -0500
* Reloaded "pages", "snippets" at 2015-05-20 17:13:22 -0500
* Reloaded "pages", "snippets" at 2015-05-20 17:13:22 -0500
* Reloaded "pages", "snippets" at 2015-05-20 17:13:43 -0500
* Reloaded "pages", "snippets" at 2015-05-20 17:15:32 -0500
* Reloaded "pages", "snippets" at 2015-05-20 17:15:32 -0500
* Reloaded "pages", "snippets" at 2015-05-20 17:15:33 -0500
* Reloaded "pages", "snippets" at 2015-05-20 17:15:59 -0500
* Reloaded "pages", "snippets" at 2015-05-20 17:16:17 -0500
* Reloaded "pages", "snippets" at 2015-05-20 17:16:17 -0500
* Reloaded "pages", "snippets" at 2015-05-20 17:16:23 -0500
* Reloaded "pages", "snippets" at 2015-05-20 17:16:24 -0500
* Reloaded "pages", "snippets" at 2015-05-20 17:16:24 -0500
* Reloaded "pages", "snippets" at 2015-05-20 17:16:27 -0500
[0;97;49mStarted GET "/index/sample-1" at 2015-05-20 17:18:20 -0500[0m
Detecting locale EN
[0;32;49mCompleted 404 Not Found in 2.4ms

[0m
[0;97;49mStarted GET "/index/sample-1" at 2015-05-20 17:18:20 -0500[0m
Detecting locale EN
[0;32;49mCompleted 404 Not Found in 1.4ms

[0m
[0;97;49mStarted GET "/" at 2015-05-20 17:18:24 -0500[0m
Detecting locale EN
Found page "Home page" [index]
  Rendered liquid page template
[0;32;49mCompleted 200 OK in 11.7ms

[0m
[0;97;49mStarted GET "/" at 2015-05-20 17:18:35 -0500[0m
Detecting locale EN
Found page "Home page" [index]
  Rendered liquid page template
[0;32;49mCompleted 200 OK in 9.1ms

[0m
* Reloaded "pages", "snippets" at 2015-05-20 17:19:00 -0500
* Reloaded "pages", "snippets" at 2015-05-20 17:19:00 -0500
* Reloaded "pages", "snippets" at 2015-05-20 17:19:07 -0500
* Reloaded "pages", "snippets" at 2015-05-20 17:19:07 -0500
* Reloaded "pages", "snippets" at 2015-05-20 17:19:13 -0500
* Reloaded "pages", "snippets" at 2015-05-20 17:19:13 -0500
* Reloaded "pages", "snippets" at 2015-05-20 17:19:16 -0500
* Reloaded "pages", "snippets" at 2015-05-20 17:19:17 -0500
* Reloaded "pages", "snippets" at 2015-05-20 17:19:24 -0500
* Reloaded "pages", "snippets" at 2015-05-20 17:19:24 -0500
* Reloaded "pages", "snippets" at 2015-05-20 17:19:36 -0500
* Reloaded "pages", "snippets" at 2015-05-20 17:19:36 -0500
* Reloaded "pages", "snippets" at 2015-05-20 17:19:39 -0500
* Reloaded "pages", "snippets" at 2015-05-20 17:19:43 -0500
* Reloaded "pages", "snippets" at 2015-05-20 17:19:43 -0500
* Reloaded "pages", "snippets" at 2015-05-20 17:19:45 -0500
* Reloaded "pages", "snippets" at 2015-05-20 17:19:45 -0500
[0;97;49mStarted GET "/" at 2015-05-20 17:19:46 -0500[0m
Detecting locale EN
Found page "Home page" [index]
  Rendered liquid page template
[0;32;49mCompleted 200 OK in 10.4ms

[0m
* Reloaded "pages", "snippets" at 2015-05-20 17:20:06 -0500
[0;97;49mStarted GET "/" at 2015-05-20 17:20:07 -0500[0m
Detecting locale EN
Found page "Home page" [index]
  Rendered liquid page template
[0;32;49mCompleted 200 OK in 9.9ms

[0m
* Reloaded "pages", "snippets" at 2015-05-20 17:20:17 -0500
* Reloaded "pages", "snippets" at 2015-05-20 17:20:17 -0500
* Reloaded "pages", "snippets" at 2015-05-20 17:20:54 -0500
* Reloaded "pages", "snippets" at 2015-05-20 17:20:54 -0500
* Reloaded "pages", "snippets" at 2015-05-20 17:20:59 -0500
* Reloaded "pages", "snippets" at 2015-05-20 17:20:59 -0500
* Reloaded "pages", "snippets" at 2015-05-20 17:21:09 -0500
* Reloaded "pages", "snippets" at 2015-05-20 17:21:09 -0500
[0;97;49mStarted GET "/" at 2015-05-20 17:21:51 -0500[0m
Detecting locale EN
Found page "Home page" [index]
  Rendered liquid page template
[0;32;49mCompleted 200 OK in 10.0ms

[0m
* Reloaded "pages", "snippets" at 2015-05-20 17:22:37 -0500
* Reloaded "pages", "snippets" at 2015-05-20 17:22:37 -0500
* Reloaded "pages", "snippets" at 2015-05-20 17:22:46 -0500
* Reloaded "pages", "snippets" at 2015-05-20 17:22:47 -0500
[0;97;49mStarted GET "/" at 2015-05-20 17:22:48 -0500[0m
Detecting locale EN
Found page "Home page" [index]
  Rendered liquid page template
[0;32;49mCompleted 200 OK in 11.4ms

[0m
* Reloaded "pages", "snippets" at 2015-05-20 17:22:54 -0500
* Reloaded "pages", "snippets" at 2015-05-20 17:22:54 -0500
[0;97;49mStarted GET "/" at 2015-05-20 17:22:55 -0500[0m
Detecting locale EN
Found page "Home page" [index]
  Rendered liquid page template
[0;32;49mCompleted 200 OK in 13.6ms

[0m
* Reloaded "pages", "snippets" at 2015-05-20 17:24:37 -0500
[0;97;49mStarted GET "/" at 2015-05-20 17:25:04 -0500[0m
Detecting locale EN
Found page "Home page" [index]
  Rendered liquid page template
[0;32;49mCompleted 200 OK in 12.6ms

[0m
